0 info it worked if it ends with ok
1 verbose cli [ '/usr/local/bin/node',
1 verbose cli   '/usr/local/lib/node_modules/cnpm/node_modules/.bin/npm',
1 verbose cli   '--userconfig=/Users/stronger-yu/.cnpmrc',
1 verbose cli   '--disturl=https://npm.taobao.org/mirrors/node',
1 verbose cli   '--registry=https://registry.npm.taobao.org',
1 verbose cli   'start' ]
2 info using npm@3.10.10
3 info using node@v7.2.1
4 verbose run-script [ 'prestart', 'start', 'poststart' ]
5 info lifecycle Allen-Will@1.0.0~prestart: Allen-Will@1.0.0
6 silly lifecycle Allen-Will@1.0.0~prestart: no script for prestart, continuing
7 info lifecycle Allen-Will@1.0.0~start: Allen-Will@1.0.0
8 verbose lifecycle Allen-Will@1.0.0~start: unsafe-perm in lifecycle true
9 verbose lifecycle Allen-Will@1.0.0~start: PATH: /usr/local/lib/node_modules/cnpm/node_modules/npm/bin/node-gyp-bin:/Users/stronger-yu/git/yanlei/node_modules/.bin:/usr/local/bin:/usr/bin:/bin:/usr/sbin:/sbin:/usr/local/rvm/bin
10 verbose lifecycle Allen-Will@1.0.0~start: CWD: /Users/stronger-yu/git/yanlei
11 silly lifecycle Allen-Will@1.0.0~start: Args: [ '-c', 'gulp watch & webpack-dev-server --host 0.0.0.0' ]
12 silly lifecycle Allen-Will@1.0.0~start: Returned: code: 1  signal: null
13 info lifecycle Allen-Will@1.0.0~start: Failed to exec start script
14 verbose stack Error: Allen-Will@1.0.0 start: `gulp watch & webpack-dev-server --host 0.0.0.0`
14 verbose stack Exit status 1
14 verbose stack     at EventEmitter.<anonymous> (/usr/local/lib/node_modules/cnpm/node_modules/npm/lib/utils/lifecycle.js:255:16)
14 verbose stack     at emitTwo (events.js:106:13)
14 verbose stack     at EventEmitter.emit (events.js:191:7)
14 verbose stack     at ChildProcess.<anonymous> (/usr/local/lib/node_modules/cnpm/node_modules/npm/lib/utils/spawn.js:40:14)
14 verbose stack     at emitTwo (events.js:106:13)
14 verbose stack     at ChildProcess.emit (events.js:191:7)
14 verbose stack     at maybeClose (internal/child_process.js:885:16)
14 verbose stack     at Process.ChildProcess._handle.onexit (internal/child_process.js:226:5)
15 verbose pkgid Allen-Will@1.0.0
16 verbose cwd /Users/stronger-yu/git/yanlei
17 error Darwin 16.4.0
18 error argv "/usr/local/bin/node" "/usr/local/lib/node_modules/cnpm/node_modules/.bin/npm" "--userconfig=/Users/stronger-yu/.cnpmrc" "--disturl=https://npm.taobao.org/mirrors/node" "--registry=https://registry.npm.taobao.org" "start"
19 error node v7.2.1
20 error npm  v3.10.10
21 error code ELIFECYCLE
22 error Allen-Will@1.0.0 start: `gulp watch & webpack-dev-server --host 0.0.0.0`
22 error Exit status 1
23 error Failed at the Allen-Will@1.0.0 start script 'gulp watch & webpack-dev-server --host 0.0.0.0'.
23 error Make sure you have the latest version of node.js and npm installed.
23 error If you do, this is most likely a problem with the Allen-Will package,
23 error not with npm itself.
23 error Tell the author that this fails on your system:
23 error     gulp watch & webpack-dev-server --host 0.0.0.0
23 error You can get information on how to open an issue for this project with:
23 error     npm bugs Allen-Will
23 error Or if that isn't available, you can get their info via:
23 error     npm owner ls Allen-Will
23 error There is likely additional logging output above.
24 verbose exit [ 1, true ]
